Oct-21 17:42:35.804 [main] DEBUG nextflow.cli.Launcher - $> nextflow run ../main.nf
Oct-21 17:42:35.885 [main] INFO  nextflow.cli.CmdRun - N E X T F L O W  ~  version 23.10.0
Oct-21 17:42:35.900 [main] DEBUG nextflow.plugin.PluginsFacade - Setting up plugin manager > mode=prod; embedded=false; plugins-dir=/home/dalebridges/.nextflow/plugins; core-plugins: nf-amazon@2.1.4,nf-azure@1.3.2,nf-cloudcache@0.3.0,nf-codecommit@0.1.5,nf-console@1.0.6,nf-ga4gh@1.1.0,nf-google@1.8.3,nf-tower@1.6.3,nf-wave@1.0.0
Oct-21 17:42:35.912 [main] INFO  o.pf4j.DefaultPluginStatusProvider - Enabled plugins: []
Oct-21 17:42:35.912 [main] INFO  o.pf4j.DefaultPluginStatusProvider - Disabled plugins: []
Oct-21 17:42:35.914 [main] INFO  org.pf4j.DefaultPluginManager - PF4J version 3.4.1 in 'deployment' mode
Oct-21 17:42:35.926 [main] INFO  org.pf4j.AbstractPluginManager - No plugins
Oct-21 17:42:35.939 [main] DEBUG nextflow.config.ConfigBuilder - Found config base: /home/dalebridges/scripts/break_sites/nextflow.config
Oct-21 17:42:35.942 [main] DEBUG nextflow.config.ConfigBuilder - Parsing config file: /home/dalebridges/scripts/break_sites/nextflow.config
Oct-21 17:42:35.968 [main] DEBUG nextflow.config.ConfigBuilder - Applying config profile: `standard`
Oct-21 17:42:36.610 [main] DEBUG nextflow.cli.CmdRun - Applied DSL=2 from script declararion
Oct-21 17:42:36.633 [main] INFO  nextflow.cli.CmdRun - Launching `../main.nf` [shrivelled_banach] DSL2 - revision: c8f5bde496
Oct-21 17:42:36.634 [main] DEBUG nextflow.plugin.PluginsFacade - Plugins default=[]
Oct-21 17:42:36.634 [main] DEBUG nextflow.plugin.PluginsFacade - Plugins resolved requirement=[]
Oct-21 17:42:36.648 [main] DEBUG n.secret.LocalSecretsProvider - Secrets store: /home/dalebridges/.nextflow/secrets/store.json
Oct-21 17:42:36.652 [main] DEBUG nextflow.secret.SecretsLoader - Discovered secrets providers: [nextflow.secret.LocalSecretsProvider@6ada9c0c] - activable => nextflow.secret.LocalSecretsProvider@6ada9c0c
Oct-21 17:42:36.734 [main] DEBUG nextflow.Session - Session UUID: 36ea3ef8-a0ff-4515-ac94-e1484d2ce1b0
Oct-21 17:42:36.734 [main] DEBUG nextflow.Session - Run name: shrivelled_banach
Oct-21 17:42:36.735 [main] DEBUG nextflow.Session - Executor pool size: 12
Oct-21 17:42:36.744 [main] DEBUG nextflow.file.FilePorter - File porter settings maxRetries=3; maxTransfers=50; pollTimeout=null
Oct-21 17:42:36.752 [main] DEBUG nextflow.util.ThreadPoolBuilder - Creating thread pool 'FileTransfer' minSize=10; maxSize=36; workQueue=LinkedBlockingQueue[10000]; allowCoreThreadTimeout=false
Oct-21 17:42:36.799 [main] DEBUG nextflow.cli.CmdRun - 
  Version: 23.10.0 build 5889
  Created: 15-10-2023 15:07 UTC (16:07 BST)
  System: Linux 5.15.90.1-microsoft-standard-WSL2
  Runtime: Groovy 3.0.19 on OpenJDK 64-Bit Server VM 11.0.20.1+1-post-Ubuntu-0ubuntu120.04
  Encoding: UTF-8 (UTF-8)
  Process: 19970@CON-MP2C0C8L [127.0.1.1]
  CPUs: 12 - Mem: 7.6 GB (5.7 GB) - Swap: 2 GB (2 GB)
Oct-21 17:42:36.828 [main] DEBUG nextflow.Session - Work-dir: /home/dalebridges/scripts/break_sites/run/work [ext2/ext3]
Oct-21 17:42:36.851 [main] DEBUG nextflow.executor.ExecutorFactory - Extension executors providers=[]
Oct-21 17:42:36.864 [main] DEBUG nextflow.Session - Observer factory: DefaultObserverFactory
Oct-21 17:42:36.887 [main] DEBUG nextflow.cache.CacheFactory - Using Nextflow cache factory: nextflow.cache.DefaultCacheFactory
Oct-21 17:42:36.903 [main] DEBUG nextflow.util.CustomThreadPool - Creating default thread pool > poolSize: 13; maxThreads: 1000
Oct-21 17:42:36.977 [main] DEBUG nextflow.Session - Session start
Oct-21 17:42:37.148 [main] DEBUG nextflow.script.ScriptRunner - > Launching execution
Oct-21 17:42:37.396 [main] DEBUG nextflow.executor.ExecutorFactory - << taskConfig executor: null
Oct-21 17:42:37.396 [main] DEBUG nextflow.executor.ExecutorFactory - >> processorType: 'local'
Oct-21 17:42:37.402 [main] DEBUG nextflow.executor.Executor - [warm up] executor > local
Oct-21 17:42:37.407 [main] DEBUG n.processor.LocalPollingMonitor - Creating local task monitor for executor 'local' > cpus=12; memory=7.6 GB; capacity=12; pollInterval=100ms; dumpInterval=5m
Oct-21 17:42:37.411 [main] DEBUG n.processor.TaskPollingMonitor - >>> barrier register (monitor: local)
Oct-21 17:42:37.533 [main] DEBUG nextflow.executor.ExecutorFactory - << taskConfig executor: null
Oct-21 17:42:37.533 [main] DEBUG nextflow.executor.ExecutorFactory - >> processorType: 'local'
Oct-21 17:42:37.563 [main] DEBUG nextflow.executor.ExecutorFactory - << taskConfig executor: null
Oct-21 17:42:37.563 [main] DEBUG nextflow.executor.ExecutorFactory - >> processorType: 'local'
Oct-21 17:42:37.582 [main] DEBUG nextflow.executor.ExecutorFactory - << taskConfig executor: null
Oct-21 17:42:37.582 [main] DEBUG nextflow.executor.ExecutorFactory - >> processorType: 'local'
Oct-21 17:42:37.591 [main] DEBUG nextflow.Session - Workflow process names [dsl2]: break_sites:INTERSECT, NEATEN, break_sites:NEATEN, break_sites:NORMALISED, NORMALISED, FILTER_Q30, INTERSECT, break_sites:FILTER_Q30
Oct-21 17:42:37.593 [main] DEBUG nextflow.Session - Igniting dataflow network (5)
Oct-21 17:42:37.602 [main] DEBUG nextflow.processor.TaskProcessor - Starting process > break_sites:FILTER_Q30
Oct-21 17:42:37.605 [main] DEBUG nextflow.processor.TaskProcessor - Starting process > break_sites:INTERSECT
Oct-21 17:42:37.611 [main] DEBUG nextflow.processor.TaskProcessor - Starting process > break_sites:NORMALISED
Oct-21 17:42:37.614 [main] DEBUG nextflow.processor.TaskProcessor - Starting process > break_sites:NEATEN
Oct-21 17:42:37.614 [PathVisitor-1] DEBUG nextflow.file.PathVisitor - files for syntax: glob; folder: /home/dalebridges/scripts/break_sites/breaks/; pattern: *.breakends.bed; options: [checkIfExists:true]
Oct-21 17:42:37.615 [main] DEBUG nextflow.script.ScriptRunner - Parsed script files:
  Script_f14754cb65c235ef: /home/dalebridges/scripts/break_sites/main.nf
  Script_7dab25b12fee9b80: /home/dalebridges/scripts/break_sites/./modules/break_sites.nf
Oct-21 17:42:37.616 [main] DEBUG nextflow.script.ScriptRunner - > Awaiting termination 
Oct-21 17:42:37.616 [main] DEBUG nextflow.Session - Session await
Oct-21 17:42:37.922 [Task submitter] DEBUG n.executor.local.LocalTaskHandler - Launch cmd line: /bin/bash -ue .command.run
Oct-21 17:42:37.925 [Task submitter] INFO  nextflow.Session - [41/84ef17] Submitted process > break_sites:FILTER_Q30 (q30_filtering)
Oct-21 17:42:37.932 [Task submitter] DEBUG n.executor.local.LocalTaskHandler - Launch cmd line: /bin/bash -ue .command.run
Oct-21 17:42:37.933 [Task submitter] INFO  nextflow.Session - [83/f658d3] Submitted process > break_sites:FILTER_Q30 (q30_filtering)
Oct-21 17:42:37.939 [Task submitter] DEBUG n.executor.local.LocalTaskHandler - Launch cmd line: /bin/bash -ue .command.run
Oct-21 17:42:37.939 [Task submitter] INFO  nextflow.Session - [42/0f1c99] Submitted process > break_sites:FILTER_Q30 (q30_filtering)
Oct-21 17:42:37.944 [Task submitter] DEBUG n.executor.local.LocalTaskHandler - Launch cmd line: /bin/bash -ue .command.run
Oct-21 17:42:37.945 [Task submitter] INFO  nextflow.Session - [7c/472a6a] Submitted process > break_sites:FILTER_Q30 (q30_filtering)
Oct-21 17:42:37.951 [Task submitter] DEBUG n.executor.local.LocalTaskHandler - Launch cmd line: /bin/bash -ue .command.run
Oct-21 17:42:37.952 [Task submitter] INFO  nextflow.Session - [11/0c08e3] Submitted process > break_sites:FILTER_Q30 (q30_filtering)
Oct-21 17:42:37.958 [Task submitter] DEBUG n.executor.local.LocalTaskHandler - Launch cmd line: /bin/bash -ue .command.run
Oct-21 17:42:37.959 [Task submitter] INFO  nextflow.Session - [ce/317b27] Submitted process > break_sites:FILTER_Q30 (q30_filtering)
Oct-21 17:42:37.966 [Task submitter] DEBUG n.executor.local.LocalTaskHandler - Launch cmd line: /bin/bash -ue .command.run
Oct-21 17:42:37.967 [Task submitter] INFO  nextflow.Session - [29/90711e] Submitted process > break_sites:FILTER_Q30 (q30_filtering)
Oct-21 17:42:37.975 [Task submitter] DEBUG n.executor.local.LocalTaskHandler - Launch cmd line: /bin/bash -ue .command.run
Oct-21 17:42:37.977 [Task submitter] INFO  nextflow.Session - [2c/b3c14b] Submitted process > break_sites:FILTER_Q30 (q30_filtering)
Oct-21 17:42:37.984 [Task submitter] DEBUG n.executor.local.LocalTaskHandler - Launch cmd line: /bin/bash -ue .command.run
Oct-21 17:42:37.985 [Task submitter] INFO  nextflow.Session - [d0/9dab85] Submitted process > break_sites:FILTER_Q30 (q30_filtering)
Oct-21 17:42:37.996 [Task submitter] DEBUG n.executor.local.LocalTaskHandler - Launch cmd line: /bin/bash -ue .command.run
Oct-21 17:42:38.000 [Task submitter] INFO  nextflow.Session - [55/79b26b] Submitted process > break_sites:FILTER_Q30 (q30_filtering)
Oct-21 17:42:38.011 [Task submitter] DEBUG n.executor.local.LocalTaskHandler - Launch cmd line: /bin/bash -ue .command.run
Oct-21 17:42:38.013 [Task submitter] INFO  nextflow.Session - [72/af7e09] Submitted process > break_sites:FILTER_Q30 (q30_filtering)
Oct-21 17:42:38.021 [Task submitter] DEBUG n.executor.local.LocalTaskHandler - Launch cmd line: /bin/bash -ue .command.run
Oct-21 17:42:38.022 [Task submitter] INFO  nextflow.Session - [0f/e64e5b] Submitted process > break_sites:FILTER_Q30 (q30_filtering)
Oct-21 17:42:38.231 [Task monitor] DEBUG n.processor.TaskPollingMonitor - Task completed > TaskHandler[id: 7; name: break_sites:FILTER_Q30 (q30_filtering); status: COMPLETED; exit: 0; error: -; workDir: /home/dalebridges/scripts/break_sites/run/work/41/84ef17cc197252af9ee7becf52d5ad]
Oct-21 17:42:38.235 [Task submitter] DEBUG n.executor.local.LocalTaskHandler - Launch cmd line: /bin/bash -ue .command.run
Oct-21 17:42:38.235 [Task submitter] INFO  nextflow.Session - [54/8de8f9] Submitted process > break_sites:FILTER_Q30 (q30_filtering)
Oct-21 17:42:38.271 [Task monitor] DEBUG nextflow.util.ThreadPoolBuilder - Creating thread pool 'PublishDir' minSize=10; maxSize=36; workQueue=LinkedBlockingQueue[10000]; allowCoreThreadTimeout=false
Oct-21 17:42:38.278 [Task monitor] DEBUG n.processor.TaskPollingMonitor - Task completed > TaskHandler[id: 12; name: break_sites:FILTER_Q30 (q30_filtering); status: COMPLETED; exit: 0; error: -; workDir: /home/dalebridges/scripts/break_sites/run/work/83/f658d3bbfde5986031cabcf6fcd65b]
Oct-21 17:42:38.285 [Task submitter] DEBUG n.executor.local.LocalTaskHandler - Launch cmd line: /bin/bash -ue .command.run
Oct-21 17:42:38.285 [Task submitter] INFO  nextflow.Session - [15/c52fbc] Submitted process > break_sites:FILTER_Q30 (q30_filtering)
Oct-21 17:42:38.289 [Task monitor] DEBUG n.processor.TaskPollingMonitor - Task completed > TaskHandler[id: 8; name: break_sites:FILTER_Q30 (q30_filtering); status: COMPLETED; exit: 0; error: -; workDir: /home/dalebridges/scripts/break_sites/run/work/42/0f1c9989dd4a67e7a0654298cf358d]
Oct-21 17:42:38.291 [Task submitter] DEBUG n.executor.local.LocalTaskHandler - Launch cmd line: /bin/bash -ue .command.run
Oct-21 17:42:38.292 [Task submitter] INFO  nextflow.Session - [07/558713] Submitted process > break_sites:FILTER_Q30 (q30_filtering)
Oct-21 17:42:38.303 [Task monitor] DEBUG n.processor.TaskPollingMonitor - Task completed > TaskHandler[id: 11; name: break_sites:FILTER_Q30 (q30_filtering); status: COMPLETED; exit: 0; error: -; workDir: /home/dalebridges/scripts/break_sites/run/work/11/0c08e3f9fcdc7bf0a42333dfa1c626]
Oct-21 17:42:38.311 [Task submitter] DEBUG n.executor.local.LocalTaskHandler - Launch cmd line: /bin/bash -ue .command.run
Oct-21 17:42:38.312 [Task submitter] INFO  nextflow.Session - [b4/587b69] Submitted process > break_sites:FILTER_Q30 (q30_filtering)
Oct-21 17:42:38.316 [Task monitor] DEBUG n.processor.TaskPollingMonitor - Task completed > TaskHandler[id: 9; name: break_sites:FILTER_Q30 (q30_filtering); status: COMPLETED; exit: 0; error: -; workDir: /home/dalebridges/scripts/break_sites/run/work/ce/317b2740381e198bbc63e86986dbfe]
Oct-21 17:42:38.322 [Task submitter] DEBUG n.executor.local.LocalTaskHandler - Launch cmd line: /bin/bash -ue .command.run
Oct-21 17:42:38.322 [Task submitter] INFO  nextflow.Session - [64/1e7492] Submitted process > break_sites:INTERSECT (intersect_q30_files)
Oct-21 17:42:38.328 [Task monitor] DEBUG n.processor.TaskPollingMonitor - Task completed > TaskHandler[id: 1; name: break_sites:FILTER_Q30 (q30_filtering); status: COMPLETED; exit: 0; error: -; workDir: /home/dalebridges/scripts/break_sites/run/work/29/90711e79604072c4bac6becb54bf20]
Oct-21 17:42:38.334 [Task submitter] DEBUG n.executor.local.LocalTaskHandler - Launch cmd line: /bin/bash -ue .command.run
Oct-21 17:42:38.334 [Task submitter] INFO  nextflow.Session - [62/730ba5] Submitted process > break_sites:INTERSECT (intersect_q30_files)
Oct-21 17:42:38.340 [Task monitor] DEBUG n.processor.TaskPollingMonitor - Task completed > TaskHandler[id: 2; name: break_sites:FILTER_Q30 (q30_filtering); status: COMPLETED; exit: 0; error: -; workDir: /home/dalebridges/scripts/break_sites/run/work/2c/b3c14b719055c85e66e506a772e191]
Oct-21 17:42:38.345 [Task submitter] DEBUG n.executor.local.LocalTaskHandler - Launch cmd line: /bin/bash -ue .command.run
Oct-21 17:42:38.346 [Task submitter] INFO  nextflow.Session - [dd/2eba6e] Submitted process > break_sites:INTERSECT (intersect_q30_files)
Oct-21 17:42:38.352 [Task monitor] DEBUG n.processor.TaskPollingMonitor - Task completed > TaskHandler[id: 3; name: break_sites:FILTER_Q30 (q30_filtering); status: COMPLETED; exit: 0; error: -; workDir: /home/dalebridges/scripts/break_sites/run/work/d0/9dab85f5f6ab0d81fd95f74660e5c3]
Oct-21 17:42:38.359 [Task submitter] DEBUG n.executor.local.LocalTaskHandler - Launch cmd line: /bin/bash -ue .command.run
Oct-21 17:42:38.360 [Task submitter] INFO  nextflow.Session - [ed/2e3800] Submitted process > break_sites:INTERSECT (intersect_q30_files)
Oct-21 17:42:38.364 [Task monitor] DEBUG n.processor.TaskPollingMonitor - Task completed > TaskHandler[id: 5; name: break_sites:FILTER_Q30 (q30_filtering); status: COMPLETED; exit: 0; error: -; workDir: /home/dalebridges/scripts/break_sites/run/work/55/79b26b006a2bfcf74ff95e9f691fee]
Oct-21 17:42:38.370 [Task submitter] DEBUG n.executor.local.LocalTaskHandler - Launch cmd line: /bin/bash -ue .command.run
Oct-21 17:42:38.371 [Task submitter] INFO  nextflow.Session - [4b/07a1c3] Submitted process > break_sites:INTERSECT (intersect_q30_files)
Oct-21 17:42:38.377 [Task monitor] DEBUG n.processor.TaskPollingMonitor - Task completed > TaskHandler[id: 4; name: break_sites:FILTER_Q30 (q30_filtering); status: COMPLETED; exit: 0; error: -; workDir: /home/dalebridges/scripts/break_sites/run/work/72/af7e09c6666f7a339a6d15fd35d2ae]
Oct-21 17:42:38.398 [Task monitor] DEBUG n.processor.TaskPollingMonitor - Task completed > TaskHandler[id: 10; name: break_sites:FILTER_Q30 (q30_filtering); status: COMPLETED; exit: 0; error: -; workDir: /home/dalebridges/scripts/break_sites/run/work/0f/e64e5b3e37c874ca9fcfd97b9c9447]
Oct-21 17:42:38.402 [Task submitter] DEBUG n.executor.local.LocalTaskHandler - Launch cmd line: /bin/bash -ue .command.run
Oct-21 17:42:38.402 [Task submitter] INFO  nextflow.Session - [48/9458cf] Submitted process > break_sites:INTERSECT (intersect_q30_files)
Oct-21 17:42:38.407 [Task submitter] DEBUG n.executor.local.LocalTaskHandler - Launch cmd line: /bin/bash -ue .command.run
Oct-21 17:42:38.407 [Task submitter] INFO  nextflow.Session - [29/008172] Submitted process > break_sites:INTERSECT (intersect_q30_files)
Oct-21 17:42:38.409 [Task monitor] DEBUG n.processor.TaskPollingMonitor - Task completed > TaskHandler[id: 6; name: break_sites:FILTER_Q30 (q30_filtering); status: COMPLETED; exit: 0; error: -; workDir: /home/dalebridges/scripts/break_sites/run/work/7c/472a6ac9f560c4ff3bab4a3761c1a1]
Oct-21 17:42:38.414 [Task submitter] DEBUG n.executor.local.LocalTaskHandler - Launch cmd line: /bin/bash -ue .command.run
Oct-21 17:42:38.415 [Task submitter] INFO  nextflow.Session - [b4/f8e6a3] Submitted process > break_sites:INTERSECT (intersect_q30_files)
Oct-21 17:42:38.422 [Task monitor] DEBUG n.processor.TaskPollingMonitor - Task completed > TaskHandler[id: 17; name: break_sites:INTERSECT (intersect_q30_files); status: COMPLETED; exit: 0; error: -; workDir: /home/dalebridges/scripts/break_sites/run/work/64/1e7492241d3c5489c1f188a8ea83eb]
Oct-21 17:42:38.427 [Task submitter] DEBUG n.executor.local.LocalTaskHandler - Launch cmd line: /bin/bash -ue .command.run
Oct-21 17:42:38.428 [Task submitter] INFO  nextflow.Session - [64/528c93] Submitted process > break_sites:INTERSECT (intersect_q30_files)
Oct-21 17:42:38.431 [Task monitor] DEBUG n.processor.TaskPollingMonitor - Task completed > TaskHandler[id: 18; name: break_sites:INTERSECT (intersect_q30_files); status: COMPLETED; exit: 0; error: -; workDir: /home/dalebridges/scripts/break_sites/run/work/62/730ba5232934af16440e38399d9c56]
Oct-21 17:42:38.434 [Task submitter] DEBUG n.executor.local.LocalTaskHandler - Launch cmd line: /bin/bash -ue .command.run
Oct-21 17:42:38.435 [Task submitter] INFO  nextflow.Session - [ce/3a3595] Submitted process > break_sites:INTERSECT (intersect_q30_files)
Oct-21 17:42:38.446 [Task monitor] DEBUG n.processor.TaskPollingMonitor - Task completed > TaskHandler[id: 19; name: break_sites:INTERSECT (intersect_q30_files); status: COMPLETED; exit: 0; error: -; workDir: /home/dalebridges/scripts/break_sites/run/work/dd/2eba6ef49b3b305e9c875770111406]
Oct-21 17:42:38.449 [Task submitter] DEBUG n.executor.local.LocalTaskHandler - Launch cmd line: /bin/bash -ue .command.run
Oct-21 17:42:38.450 [Task submitter] INFO  nextflow.Session - [70/2622f1] Submitted process > break_sites:INTERSECT (intersect_q30_files)
Oct-21 17:42:38.451 [Task monitor] DEBUG n.processor.TaskPollingMonitor - Task completed > TaskHandler[id: 20; name: break_sites:INTERSECT (intersect_q30_files); status: COMPLETED; exit: 0; error: -; workDir: /home/dalebridges/scripts/break_sites/run/work/ed/2e38008f96cee2d0419683c2058101]
Oct-21 17:42:38.455 [Task submitter] DEBUG n.executor.local.LocalTaskHandler - Launch cmd line: /bin/bash -ue .command.run
Oct-21 17:42:38.455 [Task submitter] INFO  nextflow.Session - [73/9a88de] Submitted process > break_sites:INTERSECT (intersect_q30_files)
Oct-21 17:42:38.472 [Task monitor] DEBUG n.processor.TaskPollingMonitor - Task completed > TaskHandler[id: 21; name: break_sites:INTERSECT (intersect_q30_files); status: COMPLETED; exit: 0; error: -; workDir: /home/dalebridges/scripts/break_sites/run/work/4b/07a1c322bc902834ac0b18eff77dc5]
Oct-21 17:42:38.477 [Task monitor] DEBUG n.processor.TaskPollingMonitor - Task completed > TaskHandler[id: 22; name: break_sites:INTERSECT (intersect_q30_files); status: COMPLETED; exit: 0; error: -; workDir: /home/dalebridges/scripts/break_sites/run/work/48/9458cfd436576a2c1edacb6a89232b]
Oct-21 17:42:38.487 [Task monitor] DEBUG n.processor.TaskPollingMonitor - Task completed > TaskHandler[id: 13; name: break_sites:FILTER_Q30 (q30_filtering); status: COMPLETED; exit: 0; error: -; workDir: /home/dalebridges/scripts/break_sites/run/work/54/8de8f9ae7f2dc4ad5ee2a5a0bb2e80]
Oct-21 17:42:38.491 [Task monitor] DEBUG n.processor.TaskPollingMonitor - Task completed > TaskHandler[id: 14; name: break_sites:FILTER_Q30 (q30_filtering); status: COMPLETED; exit: 0; error: -; workDir: /home/dalebridges/scripts/break_sites/run/work/15/c52fbc7206bcedea8f2b5d00ab7267]
Oct-21 17:42:38.495 [Task submitter] DEBUG n.executor.local.LocalTaskHandler - Launch cmd line: /bin/bash -ue .command.run
Oct-21 17:42:38.495 [Task monitor] DEBUG n.processor.TaskPollingMonitor - Task completed > TaskHandler[id: 23; name: break_sites:INTERSECT (intersect_q30_files); status: COMPLETED; exit: 0; error: -; workDir: /home/dalebridges/scripts/break_sites/run/work/29/008172084c1b22cf40ac55e2cc567b]
Oct-21 17:42:38.496 [Task submitter] INFO  nextflow.Session - [a7/47c772] Submitted process > break_sites:INTERSECT (intersect_q30_files)
Oct-21 17:42:38.500 [Task monitor] DEBUG n.processor.TaskPollingMonitor - Task completed > TaskHandler[id: 24; name: break_sites:INTERSECT (intersect_q30_files); status: COMPLETED; exit: 0; error: -; workDir: /home/dalebridges/scripts/break_sites/run/work/b4/f8e6a3a6a418ce1cbe9216919e92cc]
Oct-21 17:42:38.500 [Task submitter] DEBUG n.executor.local.LocalTaskHandler - Launch cmd line: /bin/bash -ue .command.run
Oct-21 17:42:38.500 [Task submitter] INFO  nextflow.Session - [51/40a829] Submitted process > break_sites:INTERSECT (intersect_q30_files)
Oct-21 17:42:38.503 [Task monitor] DEBUG n.processor.TaskPollingMonitor - Task completed > TaskHandler[id: 25; name: break_sites:INTERSECT (intersect_q30_files); status: COMPLETED; exit: 0; error: -; workDir: /home/dalebridges/scripts/break_sites/run/work/64/528c936f56459ad0a1f51a88ee70f1]
Oct-21 17:42:38.508 [Task monitor] DEBUG n.processor.TaskPollingMonitor - Task completed > TaskHandler[id: 26; name: break_sites:INTERSECT (intersect_q30_files); status: COMPLETED; exit: 0; error: -; workDir: /home/dalebridges/scripts/break_sites/run/work/ce/3a35952d9f51e361dab3a5cc176486]
Oct-21 17:42:38.513 [Task monitor] DEBUG n.processor.TaskPollingMonitor - Task completed > TaskHandler[id: 27; name: break_sites:INTERSECT (intersect_q30_files); status: COMPLETED; exit: 0; error: -; workDir: /home/dalebridges/scripts/break_sites/run/work/70/2622f1b35c64273aa48e08dd4c9179]
Oct-21 17:42:38.518 [Task monitor] DEBUG n.processor.TaskPollingMonitor - Task completed > TaskHandler[id: 28; name: break_sites:INTERSECT (intersect_q30_files); status: COMPLETED; exit: 0; error: -; workDir: /home/dalebridges/scripts/break_sites/run/work/73/9a88de4605329f5e2470e9c175b3d5]
Oct-21 17:42:38.525 [Task monitor] DEBUG n.processor.TaskPollingMonitor - Task completed > TaskHandler[id: 15; name: break_sites:FILTER_Q30 (q30_filtering); status: COMPLETED; exit: 0; error: -; workDir: /home/dalebridges/scripts/break_sites/run/work/07/5587132d1e3dbbc7e502175a2cf3d4]
Oct-21 17:42:38.528 [Task monitor] DEBUG n.processor.TaskPollingMonitor - Task completed > TaskHandler[id: 16; name: break_sites:FILTER_Q30 (q30_filtering); status: COMPLETED; exit: 0; error: -; workDir: /home/dalebridges/scripts/break_sites/run/work/b4/587b690363a7c10c0965ff8cc21262]
Oct-21 17:42:38.531 [Task submitter] DEBUG n.executor.local.LocalTaskHandler - Launch cmd line: /bin/bash -ue .command.run
Oct-21 17:42:38.532 [Task submitter] INFO  nextflow.Session - [a1/166919] Submitted process > break_sites:INTERSECT (intersect_q30_files)
Oct-21 17:42:38.535 [Task monitor] DEBUG n.processor.TaskPollingMonitor - Task completed > TaskHandler[id: 29; name: break_sites:INTERSECT (intersect_q30_files); status: COMPLETED; exit: 0; error: -; workDir: /home/dalebridges/scripts/break_sites/run/work/a7/47c7726387c5a8db414b748045f2df]
Oct-21 17:42:38.537 [Task submitter] DEBUG n.executor.local.LocalTaskHandler - Launch cmd line: /bin/bash -ue .command.run
Oct-21 17:42:38.538 [Task submitter] INFO  nextflow.Session - [cd/371e01] Submitted process > break_sites:INTERSECT (intersect_q30_files)
Oct-21 17:42:38.540 [Task monitor] DEBUG n.processor.TaskPollingMonitor - Task completed > TaskHandler[id: 30; name: break_sites:INTERSECT (intersect_q30_files); status: COMPLETED; exit: 0; error: -; workDir: /home/dalebridges/scripts/break_sites/run/work/51/40a829a5e8f4fc2a0d8a8d0976a7e0]
Oct-21 17:42:38.551 [Task monitor] DEBUG n.processor.TaskPollingMonitor - Task completed > TaskHandler[id: 31; name: break_sites:INTERSECT (intersect_q30_files); status: COMPLETED; exit: 0; error: -; workDir: /home/dalebridges/scripts/break_sites/run/work/a1/16691913c7b5d08f1007f42da1f7c4]
Oct-21 17:42:38.554 [Task monitor] DEBUG n.processor.TaskPollingMonitor - Task completed > TaskHandler[id: 32; name: break_sites:INTERSECT (intersect_q30_files); status: COMPLETED; exit: 0; error: -; workDir: /home/dalebridges/scripts/break_sites/run/work/cd/371e016f0d4f2f43870d95a886305b]
Oct-21 17:42:38.564 [Task submitter] DEBUG n.executor.local.LocalTaskHandler - Launch cmd line: /bin/bash -ue .command.run
Oct-21 17:42:38.565 [Task submitter] INFO  nextflow.Session - [de/350bb7] Submitted process > break_sites:NORMALISED (normalise)
Oct-21 17:42:38.569 [Task submitter] DEBUG n.executor.local.LocalTaskHandler - Launch cmd line: /bin/bash -ue .command.run
Oct-21 17:42:38.569 [Task submitter] INFO  nextflow.Session - [01/1c9a17] Submitted process > break_sites:NORMALISED (normalise)
Oct-21 17:42:38.573 [Task submitter] DEBUG n.executor.local.LocalTaskHandler - Launch cmd line: /bin/bash -ue .command.run
Oct-21 17:42:38.574 [Task submitter] INFO  nextflow.Session - [1b/7afc69] Submitted process > break_sites:NORMALISED (normalise)
Oct-21 17:42:38.578 [Task submitter] DEBUG n.executor.local.LocalTaskHandler - Launch cmd line: /bin/bash -ue .command.run
Oct-21 17:42:38.578 [Task submitter] INFO  nextflow.Session - [3e/e6740b] Submitted process > break_sites:NORMALISED (normalise)
Oct-21 17:42:38.583 [Task submitter] DEBUG n.executor.local.LocalTaskHandler - Launch cmd line: /bin/bash -ue .command.run
Oct-21 17:42:38.584 [Task submitter] INFO  nextflow.Session - [48/6f42b6] Submitted process > break_sites:NORMALISED (normalise)
Oct-21 17:42:38.588 [Task submitter] DEBUG n.executor.local.LocalTaskHandler - Launch cmd line: /bin/bash -ue .command.run
Oct-21 17:42:38.589 [Task submitter] INFO  nextflow.Session - [0a/de463e] Submitted process > break_sites:NORMALISED (normalise)
Oct-21 17:42:38.591 [Task submitter] DEBUG n.executor.local.LocalTaskHandler - Launch cmd line: /bin/bash -ue .command.run
Oct-21 17:42:38.592 [Task submitter] INFO  nextflow.Session - [31/82ede9] Submitted process > break_sites:NORMALISED (normalise)
Oct-21 17:42:38.597 [Task submitter] DEBUG n.executor.local.LocalTaskHandler - Launch cmd line: /bin/bash -ue .command.run
Oct-21 17:42:38.598 [Task submitter] INFO  nextflow.Session - [07/8d9dc4] Submitted process > break_sites:NORMALISED (normalise)
Oct-21 17:42:38.602 [Task submitter] DEBUG n.executor.local.LocalTaskHandler - Launch cmd line: /bin/bash -ue .command.run
Oct-21 17:42:38.603 [Task submitter] INFO  nextflow.Session - [d8/bc9404] Submitted process > break_sites:NORMALISED (normalise)
Oct-21 17:42:38.609 [Task submitter] DEBUG n.executor.local.LocalTaskHandler - Launch cmd line: /bin/bash -ue .command.run
Oct-21 17:42:38.610 [Task submitter] INFO  nextflow.Session - [2a/94beb2] Submitted process > break_sites:NORMALISED (normalise)
Oct-21 17:42:38.620 [Task submitter] DEBUG n.executor.local.LocalTaskHandler - Launch cmd line: /bin/bash -ue .command.run
Oct-21 17:42:38.621 [Task submitter] INFO  nextflow.Session - [e5/6f2c72] Submitted process > break_sites:NORMALISED (normalise)
Oct-21 17:42:38.632 [Task submitter] DEBUG n.executor.local.LocalTaskHandler - Launch cmd line: /bin/bash -ue .command.run
Oct-21 17:42:38.632 [Task submitter] INFO  nextflow.Session - [64/22e181] Submitted process > break_sites:NORMALISED (normalise)
Oct-21 17:42:38.718 [Task monitor] DEBUG n.processor.TaskPollingMonitor - Task completed > TaskHandler[id: 35; name: break_sites:NORMALISED (normalise); status: COMPLETED; exit: 0; error: -; workDir: /home/dalebridges/scripts/break_sites/run/work/01/1c9a1705463463a09bf421950caf3c]
Oct-21 17:42:38.726 [Task submitter] DEBUG n.executor.local.LocalTaskHandler - Launch cmd line: /bin/bash -ue .command.run
Oct-21 17:42:38.727 [Task submitter] INFO  nextflow.Session - [03/885251] Submitted process > break_sites:NORMALISED (normalise)
Oct-21 17:42:38.745 [Task monitor] DEBUG n.processor.TaskPollingMonitor - Task completed > TaskHandler[id: 40; name: break_sites:NORMALISED (normalise); status: COMPLETED; exit: 0; error: -; workDir: /home/dalebridges/scripts/break_sites/run/work/de/350bb76a0f3c9734621c5af9f52d52]
Oct-21 17:42:38.750 [Task submitter] DEBUG n.executor.local.LocalTaskHandler - Launch cmd line: /bin/bash -ue .command.run
Oct-21 17:42:38.751 [Task submitter] INFO  nextflow.Session - [22/0b32ce] Submitted process > break_sites:NORMALISED (normalise)
Oct-21 17:42:38.753 [Task monitor] DEBUG n.processor.TaskPollingMonitor - Task completed > TaskHandler[id: 36; name: break_sites:NORMALISED (normalise); status: COMPLETED; exit: 0; error: -; workDir: /home/dalebridges/scripts/break_sites/run/work/1b/7afc6901674884c109d40d0f2bca67]
Oct-21 17:42:38.757 [Task submitter] DEBUG n.executor.local.LocalTaskHandler - Launch cmd line: /bin/bash -ue .command.run
Oct-21 17:42:38.758 [Task submitter] INFO  nextflow.Session - [13/a6c6f5] Submitted process > break_sites:NORMALISED (normalise)
Oct-21 17:42:38.763 [Task monitor] DEBUG n.processor.TaskPollingMonitor - Task completed > TaskHandler[id: 33; name: break_sites:NORMALISED (normalise); status: COMPLETED; exit: 0; error: -; workDir: /home/dalebridges/scripts/break_sites/run/work/48/6f42b689802b2f13a03c6e3163587e]
Oct-21 17:42:38.774 [Task submitter] DEBUG n.executor.local.LocalTaskHandler - Launch cmd line: /bin/bash -ue .command.run
Oct-21 17:42:38.775 [Task submitter] INFO  nextflow.Session - [f4/32870e] Submitted process > break_sites:NORMALISED (normalise)
Oct-21 17:42:38.787 [Task monitor] DEBUG n.processor.TaskPollingMonitor - Task completed > TaskHandler[id: 39; name: break_sites:NORMALISED (normalise); status: COMPLETED; exit: 0; error: -; workDir: /home/dalebridges/scripts/break_sites/run/work/3e/e6740beaa8eb7b2966b1d7679ee259]
Oct-21 17:42:38.794 [Task monitor] DEBUG n.processor.TaskPollingMonitor - Task completed > TaskHandler[id: 42; name: break_sites:NORMALISED (normalise); status: COMPLETED; exit: 0; error: -; workDir: /home/dalebridges/scripts/break_sites/run/work/0a/de463e0f3a9c55305a27f0a66b154d]
Oct-21 17:42:38.801 [Task monitor] DEBUG n.processor.TaskPollingMonitor - Task completed > TaskHandler[id: 38; name: break_sites:NORMALISED (normalise); status: COMPLETED; exit: 0; error: -; workDir: /home/dalebridges/scripts/break_sites/run/work/31/82ede936d1ea04ff6881d31e54b384]
Oct-21 17:42:38.808 [Task monitor] DEBUG n.processor.TaskPollingMonitor - Task completed > TaskHandler[id: 41; name: break_sites:NORMALISED (normalise); status: COMPLETED; exit: 0; error: -; workDir: /home/dalebridges/scripts/break_sites/run/work/07/8d9dc493546577cb3181ca416f2927]
Oct-21 17:42:38.814 [Task monitor] DEBUG n.processor.TaskPollingMonitor - Task completed > TaskHandler[id: 34; name: break_sites:NORMALISED (normalise); status: COMPLETED; exit: 0; error: -; workDir: /home/dalebridges/scripts/break_sites/run/work/d8/bc9404adf5aead796b84fa4cf2bd9e]
Oct-21 17:42:38.823 [Task monitor] DEBUG n.processor.TaskPollingMonitor - Task completed > TaskHandler[id: 37; name: break_sites:NORMALISED (normalise); status: COMPLETED; exit: 0; error: -; workDir: /home/dalebridges/scripts/break_sites/run/work/2a/94beb22b44691ff3b394e72864656c]
Oct-21 17:42:38.831 [Task monitor] DEBUG n.processor.TaskPollingMonitor - Task completed > TaskHandler[id: 45; name: break_sites:NORMALISED (normalise); status: COMPLETED; exit: 0; error: -; workDir: /home/dalebridges/scripts/break_sites/run/work/e5/6f2c728af79d84a6d3fd189104932e]
Oct-21 17:42:38.840 [Task monitor] DEBUG n.processor.TaskPollingMonitor - Task completed > TaskHandler[id: 44; name: break_sites:NORMALISED (normalise); status: COMPLETED; exit: 0; error: -; workDir: /home/dalebridges/scripts/break_sites/run/work/64/22e18186e74985c941682048cbd94c]
Oct-21 17:42:38.891 [Task monitor] DEBUG n.processor.TaskPollingMonitor - Task completed > TaskHandler[id: 43; name: break_sites:NORMALISED (normalise); status: COMPLETED; exit: 0; error: -; workDir: /home/dalebridges/scripts/break_sites/run/work/03/885251afa1f0e3c26483b49192377c]
Oct-21 17:42:38.895 [Task monitor] DEBUG n.processor.TaskPollingMonitor - Task completed > TaskHandler[id: 46; name: break_sites:NORMALISED (normalise); status: COMPLETED; exit: 0; error: -; workDir: /home/dalebridges/scripts/break_sites/run/work/22/0b32ce28d5133a7ed8b6de8af86a58]
Oct-21 17:42:38.906 [Task monitor] DEBUG n.processor.TaskPollingMonitor - Task completed > TaskHandler[id: 47; name: break_sites:NORMALISED (normalise); status: COMPLETED; exit: 0; error: -; workDir: /home/dalebridges/scripts/break_sites/run/work/13/a6c6f5a06aa7f100bbed93c9cedc32]
Oct-21 17:42:38.911 [Task monitor] DEBUG n.processor.TaskPollingMonitor - Task completed > TaskHandler[id: 48; name: break_sites:NORMALISED (normalise); status: COMPLETED; exit: 0; error: -; workDir: /home/dalebridges/scripts/break_sites/run/work/f4/32870ec12407ec26eb8285f503bd16]
Oct-21 17:42:38.939 [Actor Thread 8] DEBUG nextflow.sort.BigSort - Sort completed -- entries: 16; slices: 1; internal sort time: 0.018 s; external sort time: 0.002 s; total time: 0.02 s
Oct-21 17:42:38.948 [Actor Thread 8] DEBUG nextflow.file.FileCollector - Saved collect-files list to: /home/dalebridges/scripts/break_sites/run/work/collect-file/3d46415c37ef766815bf89f77ed23617
Oct-21 17:42:38.953 [Actor Thread 8] DEBUG nextflow.file.FileCollector - Deleting file collector temp dir: /tmp/nxf-151647776009031358
Oct-21 17:42:38.953 [Task submitter] DEBUG n.executor.local.LocalTaskHandler - Launch cmd line: /bin/bash -ue .command.run
Oct-21 17:42:38.954 [Task submitter] INFO  nextflow.Session - [ae/6d9b08] Submitted process > break_sites:NEATEN (neaten)
Oct-21 17:42:38.962 [Task monitor] DEBUG n.processor.TaskPollingMonitor - Task completed > TaskHandler[id: 49; name: break_sites:NEATEN (neaten); status: COMPLETED; exit: 0; error: -; workDir: /home/dalebridges/scripts/break_sites/run/work/ae/6d9b088764097934dfe6be41b51217]
Oct-21 17:42:38.964 [main] DEBUG nextflow.Session - Session await > all processes finished
Oct-21 17:42:39.063 [Task monitor] DEBUG n.processor.TaskPollingMonitor - <<< barrier arrives (monitor: local) - terminating tasks monitor poll loop
Oct-21 17:42:39.064 [main] DEBUG nextflow.Session - Session await > all barriers passed
Oct-21 17:42:39.072 [main] DEBUG nextflow.util.ThreadPoolManager - Thread pool 'PublishDir' shutdown completed (hard=false)
Oct-21 17:42:39.080 [main] DEBUG n.trace.WorkflowStatsObserver - Workflow completed > WorkflowStats[succeededCount=49; failedCount=0; ignoredCount=0; cachedCount=0; pendingCount=0; submittedCount=0; runningCount=0; retriesCount=0; abortedCount=0; succeedDuration=5.9s; failedDuration=0ms; cachedDuration=0ms;loadCpus=0; loadMemory=0; peakRunning=12; peakCpus=12; peakMemory=0; ]
Oct-21 17:42:39.264 [main] DEBUG nextflow.cache.CacheDB - Closing CacheDB done
Oct-21 17:42:39.270 [main] DEBUG nextflow.util.ThreadPoolManager - Thread pool 'FileTransfer' shutdown completed (hard=false)
Oct-21 17:42:39.271 [main] DEBUG nextflow.script.ScriptRunner - > Execution complete -- Goodbye
